C:\USERS\MAXFIELD\DOCUMENTS\VISUAL STUDIO 2012\PROJECTS\OPENGL SHADERS\FINAL REVISION\OPENGL_SHADERS\OPENGL_SHADERS\DEBUG\SHADERHELPERS.OBJ
C:\USERS\MAXFIELD\DOCUMENTS\VISUAL STUDIO 2012\PROJECTS\OPENGL SHADERS\FINAL REVISION\OPENGL_SHADERS\OPENGL_SHADERS\DEBUG\SHAPE.OBJ
C:\USERS\MAXFIELD\DOCUMENTS\VISUAL STUDIO 2012\PROJECTS\OPENGL SHADERS\FINAL REVISION\OPENGL_SHADERS\OPENGL_SHADERS\DEBUG\SOURCE.OBJ
C:\USERS\MAXFIELD\DOCUMENTS\VISUAL STUDIO 2012\PROJECTS\OPENGL SHADERS\FINAL REVISION\OPENGL_SHADERS\OPENGL_SHADERS\DEBUG\VC110.PDB
C:\Users\Maxfield\Documents\Visual Studio 2012\Projects\OpenGL Shaders\Final Revision\OpenGL_Shaders\OpenGL_Shaders\Debug\ShaderHelpers.obj
C:\Users\Maxfield\Documents\Visual Studio 2012\Projects\OpenGL Shaders\Final Revision\OpenGL_Shaders\OpenGL_Shaders\Debug\Shape.obj
C:\Users\Maxfield\Documents\Visual Studio 2012\Projects\OpenGL Shaders\Final Revision\OpenGL_Shaders\OpenGL_Shaders\Debug\Source.obj
C:\Users\Maxfield\Documents\Visual Studio 2012\Projects\OpenGL Shaders\Final Revision\OpenGL_Shaders\OpenGL_Shaders\Debug\cl.command.1.tlog
C:\Users\Maxfield\Documents\Visual Studio 2012\Projects\OpenGL Shaders\Final Revision\OpenGL_Shaders\OpenGL_Shaders\Debug\CL.read.1.tlog
C:\Users\Maxfield\Documents\Visual Studio 2012\Projects\OpenGL Shaders\Final Revision\OpenGL_Shaders\OpenGL_Shaders\Debug\CL.write.1.tlog
C:\Users\Maxfield\Documents\Visual Studio 2012\Projects\OpenGL Shaders\Final Revision\OpenGL_Shaders\OpenGL_Shaders\Debug\link-cvtres.read.1.tlog
C:\Users\Maxfield\Documents\Visual Studio 2012\Projects\OpenGL Shaders\Final Revision\OpenGL_Shaders\OpenGL_Shaders\Debug\link-cvtres.write.1.tlog
C:\Users\Maxfield\Documents\Visual Studio 2012\Projects\OpenGL Shaders\Final Revision\OpenGL_Shaders\OpenGL_Shaders\Debug\link-rc.read.1.tlog
C:\Users\Maxfield\Documents\Visual Studio 2012\Projects\OpenGL Shaders\Final Revision\OpenGL_Shaders\OpenGL_Shaders\Debug\link-rc.write.1.tlog
C:\Users\Maxfield\Documents\Visual Studio 2012\Projects\OpenGL Shaders\Final Revision\OpenGL_Shaders\OpenGL_Shaders\Debug\link.8772-cvtres.read.1.tlog
C:\Users\Maxfield\Documents\Visual Studio 2012\Projects\OpenGL Shaders\Final Revision\OpenGL_Shaders\OpenGL_Shaders\Debug\link.8772-cvtres.write.1.tlog
C:\Users\Maxfield\Documents\Visual Studio 2012\Projects\OpenGL Shaders\Final Revision\OpenGL_Shaders\OpenGL_Shaders\Debug\link.8772-rc.read.1.tlog
C:\Users\Maxfield\Documents\Visual Studio 2012\Projects\OpenGL Shaders\Final Revision\OpenGL_Shaders\OpenGL_Shaders\Debug\link.8772-rc.write.1.tlog
C:\Users\Maxfield\Documents\Visual Studio 2012\Projects\OpenGL Shaders\Final Revision\OpenGL_Shaders\OpenGL_Shaders\Debug\link.8772.read.1.tlog
C:\Users\Maxfield\Documents\Visual Studio 2012\Projects\OpenGL Shaders\Final Revision\OpenGL_Shaders\OpenGL_Shaders\Debug\link.8772.write.1.tlog
C:\Users\Maxfield\Documents\Visual Studio 2012\Projects\OpenGL Shaders\Final Revision\OpenGL_Shaders\OpenGL_Shaders\Debug\link.command.1.tlog
C:\Users\Maxfield\Documents\Visual Studio 2012\Projects\OpenGL Shaders\Final Revision\OpenGL_Shaders\OpenGL_Shaders\Debug\link.read.1.tlog
C:\Users\Maxfield\Documents\Visual Studio 2012\Projects\OpenGL Shaders\Final Revision\OpenGL_Shaders\OpenGL_Shaders\Debug\link.write.1.tlog
C:\Users\Maxfield\Documents\Visual Studio 2012\Projects\OpenGL Shaders\Final Revision\OpenGL_Shaders\OpenGL_Shaders\Debug\vc110.idb
C:\Users\Maxfield\Documents\Visual Studio 2012\Projects\OpenGL Shaders\Final Revision\OpenGL_Shaders\OpenGL_Shaders\Debug\vc110.pdb
C:\Users\Maxfield\Documents\Visual Studio 2012\Projects\OpenGL Shaders\Final Revision\OpenGL_Shaders\Debug\OpenGL_Shaders.pdb
C:\Users\Maxfield\Documents\Visual Studio 2012\Projects\OpenGL Shaders\Final Revision\OpenGL_Shaders\Debug\OpenGL_Shaders.exe
C:\Users\Maxfield\Documents\Visual Studio 2012\Projects\OpenGL Shaders\Final Revision\OpenGL_Shaders\Debug\OpenGL_Shaders.ilk
