C:\USERS\CHRIS\DROPBOX\SCHOOL\20132 - DSA1\MATERIALS\OPENGL_FREEGLUT\OPENGL_FREEGLUT\DEBUG\SOURCE.OBJ
C:\USERS\CHRIS\DROPBOX\SCHOOL\20132 - DSA1\MATERIALS\OPENGL_FREEGLUT\OPENGL_FREEGLUT\DEBUG\VC110.PDB
C:\USERS\CHRIS\DROPBOX\SCHOOL\20132 - DSA1\MATERIALS\OPENGL_BUFFERS\OPENGL_BUFFERS\DEBUG\SOURCE.OBJ
C:\USERS\CHRIS\DROPBOX\SCHOOL\20132 - DSA1\MATERIALS\OPENGL_BUFFERS\OPENGL_BUFFERS\DEBUG\VC110.PDB
C:\USERS\CHRIS\DROPBOX\SCHOOL\20132 - DSA1\MATERIALS\OPENGL_FREEGLUT\DEBUG\OPENGL_FREEGLUT.ILK
C:\USERS\CHRIS\DROPBOX\SCHOOL\20132 - DSA1\MATERIALS\OPENGL_FREEGLUT\DEBUG\OPENGL_FREEGLUT.EXE
C:\USERS\CHRIS\DROPBOX\SCHOOL\20132 - DSA1\MATERIALS\OPENGL_FREEGLUT\DEBUG\OPENGL_FREEGLUT.PDB
C:\USERS\CHRIS\DROPBOX\SCHOOL\20132 - DSA1\MATERIALS\OPENGL_BUFFERS\DEBUG\OPENGL_BUFFERS.ILK
C:\USERS\CHRIS\DROPBOX\SCHOOL\20132 - DSA1\MATERIALS\OPENGL_BUFFERS\DEBUG\OPENGL_BUFFERS.EXE
C:\USERS\CHRIS\DROPBOX\SCHOOL\20132 - DSA1\MATERIALS\OPENGL_BUFFERS\DEBUG\OPENGL_BUFFERS.PDB
C:\Users\Chris\Dropbox\School\20132 - DSA1\Materials\OpenGL_Buffers\OpenGL_Buffers\Debug\Source.obj
C:\Users\Chris\Dropbox\School\20132 - DSA1\Materials\OpenGL_Buffers\OpenGL_Buffers\Debug\cl.command.1.tlog
C:\Users\Chris\Dropbox\School\20132 - DSA1\Materials\OpenGL_Buffers\OpenGL_Buffers\Debug\CL.read.1.tlog
C:\Users\Chris\Dropbox\School\20132 - DSA1\Materials\OpenGL_Buffers\OpenGL_Buffers\Debug\CL.write.1.tlog
C:\Users\Chris\Dropbox\School\20132 - DSA1\Materials\OpenGL_Buffers\OpenGL_Buffers\Debug\link-cvtres.read.1.tlog
C:\Users\Chris\Dropbox\School\20132 - DSA1\Materials\OpenGL_Buffers\OpenGL_Buffers\Debug\link-cvtres.write.1.tlog
C:\Users\Chris\Dropbox\School\20132 - DSA1\Materials\OpenGL_Buffers\OpenGL_Buffers\Debug\link-rc.read.1.tlog
C:\Users\Chris\Dropbox\School\20132 - DSA1\Materials\OpenGL_Buffers\OpenGL_Buffers\Debug\link-rc.write.1.tlog
C:\Users\Chris\Dropbox\School\20132 - DSA1\Materials\OpenGL_Buffers\OpenGL_Buffers\Debug\link.4780-cvtres.read.1.tlog
C:\Users\Chris\Dropbox\School\20132 - DSA1\Materials\OpenGL_Buffers\OpenGL_Buffers\Debug\link.4780-cvtres.write.1.tlog
C:\Users\Chris\Dropbox\School\20132 - DSA1\Materials\OpenGL_Buffers\OpenGL_Buffers\Debug\link.4780-rc.read.1.tlog
C:\Users\Chris\Dropbox\School\20132 - DSA1\Materials\OpenGL_Buffers\OpenGL_Buffers\Debug\link.4780-rc.write.1.tlog
C:\Users\Chris\Dropbox\School\20132 - DSA1\Materials\OpenGL_Buffers\OpenGL_Buffers\Debug\link.4780.read.1.tlog
C:\Users\Chris\Dropbox\School\20132 - DSA1\Materials\OpenGL_Buffers\OpenGL_Buffers\Debug\link.4780.write.1.tlog
C:\Users\Chris\Dropbox\School\20132 - DSA1\Materials\OpenGL_Buffers\OpenGL_Buffers\Debug\link.4952-cvtres.read.1.tlog
C:\Users\Chris\Dropbox\School\20132 - DSA1\Materials\OpenGL_Buffers\OpenGL_Buffers\Debug\link.4952-cvtres.write.1.tlog
C:\Users\Chris\Dropbox\School\20132 - DSA1\Materials\OpenGL_Buffers\OpenGL_Buffers\Debug\link.4952-rc.read.1.tlog
C:\Users\Chris\Dropbox\School\20132 - DSA1\Materials\OpenGL_Buffers\OpenGL_Buffers\Debug\link.4952-rc.write.1.tlog
C:\Users\Chris\Dropbox\School\20132 - DSA1\Materials\OpenGL_Buffers\OpenGL_Buffers\Debug\link.4952.read.1.tlog
C:\Users\Chris\Dropbox\School\20132 - DSA1\Materials\OpenGL_Buffers\OpenGL_Buffers\Debug\link.4952.write.1.tlog
C:\Users\Chris\Dropbox\School\20132 - DSA1\Materials\OpenGL_Buffers\OpenGL_Buffers\Debug\link.5304-cvtres.read.1.tlog
C:\Users\Chris\Dropbox\School\20132 - DSA1\Materials\OpenGL_Buffers\OpenGL_Buffers\Debug\link.5304-cvtres.write.1.tlog
C:\Users\Chris\Dropbox\School\20132 - DSA1\Materials\OpenGL_Buffers\OpenGL_Buffers\Debug\link.5304-rc.read.1.tlog
C:\Users\Chris\Dropbox\School\20132 - DSA1\Materials\OpenGL_Buffers\OpenGL_Buffers\Debug\link.5304-rc.write.1.tlog
C:\Users\Chris\Dropbox\School\20132 - DSA1\Materials\OpenGL_Buffers\OpenGL_Buffers\Debug\link.5304.read.1.tlog
C:\Users\Chris\Dropbox\School\20132 - DSA1\Materials\OpenGL_Buffers\OpenGL_Buffers\Debug\link.5304.write.1.tlog
C:\Users\Chris\Dropbox\School\20132 - DSA1\Materials\OpenGL_Buffers\OpenGL_Buffers\Debug\link.6592-cvtres.read.1.tlog
C:\Users\Chris\Dropbox\School\20132 - DSA1\Materials\OpenGL_Buffers\OpenGL_Buffers\Debug\link.6592-cvtres.write.1.tlog
C:\Users\Chris\Dropbox\School\20132 - DSA1\Materials\OpenGL_Buffers\OpenGL_Buffers\Debug\link.6592-rc.read.1.tlog
C:\Users\Chris\Dropbox\School\20132 - DSA1\Materials\OpenGL_Buffers\OpenGL_Buffers\Debug\link.6592-rc.write.1.tlog
C:\Users\Chris\Dropbox\School\20132 - DSA1\Materials\OpenGL_Buffers\OpenGL_Buffers\Debug\link.6592.read.1.tlog
C:\Users\Chris\Dropbox\School\20132 - DSA1\Materials\OpenGL_Buffers\OpenGL_Buffers\Debug\link.6592.write.1.tlog
C:\Users\Chris\Dropbox\School\20132 - DSA1\Materials\OpenGL_Buffers\OpenGL_Buffers\Debug\link.command.1.tlog
C:\Users\Chris\Dropbox\School\20132 - DSA1\Materials\OpenGL_Buffers\OpenGL_Buffers\Debug\link.read.1.tlog
C:\Users\Chris\Dropbox\School\20132 - DSA1\Materials\OpenGL_Buffers\OpenGL_Buffers\Debug\link.write.1.tlog
C:\Users\Chris\Dropbox\School\20132 - DSA1\Materials\OpenGL_Buffers\OpenGL_Buffers\Debug\vc110.idb
C:\Users\Chris\Dropbox\School\20132 - DSA1\Materials\OpenGL_Buffers\OpenGL_Buffers\Debug\vc110.pdb
C:\Users\Chris\Dropbox\School\20132 - DSA1\Materials\OpenGL_Buffers\Debug\OpenGL_Buffers.pdb
C:\Users\Chris\Dropbox\School\20132 - DSA1\Materials\OpenGL_Buffers\Debug\OpenGL_Buffers.exe
C:\Users\Chris\Dropbox\School\20132 - DSA1\Materials\OpenGL_Buffers\Debug\OpenGL_Buffers.ilk
